Arguments: 
  /usr/local/bin/node /usr/local/Cellar/yarn/1.13.0/libexec/bin/yarn.js init

PATH: 
  /Users/matilha13/.rvm/gems/ruby-2.6.1/bin:/Users/matilha13/.rvm/gems/ruby-2.6.1@global/bin:/Users/matilha13/.rvm/rubies/ruby-2.6.1/bin:/opt/local/bin:/opt/local/sbin:/usr/local/bin:/usr/bin:/bin:/usr/sbin:/sbin:/Users/matilha13/.rvm/gems/ruby-2.6.1/bin:/Users/matilha13/.rvm/gems/ruby-2.6.1@global/bin:/Users/matilha13/.rvm/rubies/ruby-2.6.1/bin:/opt/local/bin:/opt/local/sbin:/Users/matilha13/.rvm/bin:/Users/matilha13/.rvm/bin

Yarn version: 
  1.13.0

Node version: 
  12.4.0

Platform: 
  darwin x64

Trace: 
  Error: canceled
      at Interface.<anonymous> (/usr/local/Cellar/yarn/1.13.0/libexec/lib/cli.js:125657:13)
      at Interface.emit (events.js:200:13)
      at Interface._ttyWrite (readline.js:877:16)
      at ReadStream.onkeypress (readline.js:189:10)
      at ReadStream.emit (events.js:200:13)
      at emitKeys (internal/readline.js:424:14)
      at emitKeys.next (<anonymous>)
      at ReadStream.onData (readline.js:1145:36)
      at ReadStream.emit (events.js:200:13)
      at addChunk (_stream_readable.js:294:12)

npm manifest: 
  No manifest

yarn manifest: 
  No manifest

Lockfile: 
  No lockfile
